<?xml version="1.0" encoding="UTF-8"?>
<!-- Generated by org.testng.reporters.JUnitReportReporter -->
<testsuite skipped="0" hostname="Infva05990" name="day8.GroupingExamples" tests="1" failures="0" timestamp="20 Sep 2019 19:06:29 GMT" time="0.063" errors="0">
  <testcase name="f3" time="0.063" classname="day8.GroupingExamples"/>
</testsuite> <!-- day8.GroupingExamples -->
