<?xml version="1.0" encoding="UTF-8"?>
<!-- Generated by org.testng.reporters.JUnitReportReporter -->
<testsuite skipped="0" hostname="Infva05990" name="day6Maven.NewTest" tests="1" failures="0" timestamp="18 Sep 2019 22:44:42 GMT" time="16.196" errors="0">
  <testcase name="f" time="16.196" classname="day6Maven.NewTest"/>
</testsuite> <!-- day6Maven.NewTest -->
