<?xml version="1.0" encoding="UTF-8"?>
<!-- Generated by org.testng.reporters.JUnitReportReporter -->
<testsuite skipped="0" hostname="Infva05990" name="day8.FluentWaitExample" tests="1" failures="0" timestamp="20 Sep 2019 19:28:22 GMT" time="24.165" errors="0">
  <testcase name="f" time="24.165" classname="day8.FluentWaitExample"/>
</testsuite> <!-- day8.FluentWaitExample -->
