<?xml version="1.0" encoding="UTF-8"?>
<!-- Generated by org.testng.reporters.JUnitReportReporter -->
<testsuite skipped="0" hostname="Infva05990" name="day8.ExtentReport" tests="2" failures="0" timestamp="20 Sep 2019 19:29:36 GMT" time="8.792" errors="0">
  <testcase name="Login" time="4.499" classname="day8.ExtentReport"/>
  <testcase name="autoCommit" time="4.293" classname="day8.ExtentReport"/>
</testsuite> <!-- day8.ExtentReport -->
