<?xml version="1.0" encoding="UTF-8"?>
<!-- Generated by org.testng.reporters.JUnitReportReporter -->
<testsuite skipped="0" hostname="Infva05990" name="day6Maven.FirstNG" tests="1" failures="0" timestamp="19 Sep 2019 22:02:48 GMT" time="40.971" errors="0">
  <testcase name="f" time="40.971" classname="day6Maven.FirstNG"/>
</testsuite> <!-- day6Maven.FirstNG -->
